2018-12-20 15:39:00.186 [Thread-5] INFO  io.github.biezhi.wechat.api.WechatClient -
				[*] 正在获取 uuid ... 
2018-12-20 15:39:00.346 [Thread-5] INFO  io.github.biezhi.wechat.api.WechatClient -
				[*] 正在获取二维码 ... 成功

2018-12-20 15:39:01.432 [Thread-5] INFO  io.github.biezhi.wechat.api.WechatClient -
				[*] 请使用微信扫描二维码以登录 ... 

2018-12-20 15:39:26.555 [Thread-5] WARN  io.github.biezhi.wechat.api.WechatApi -
				[登陆超时] 

2018-12-20 15:39:27.557 [Thread-5] INFO  io.github.biezhi.wechat.api.WechatClient -
				[*] 请使用微信扫描二维码以登录 ... 

2018-12-20 15:39:52.597 [Thread-5] WARN  io.github.biezhi.wechat.api.WechatApi -
				[登陆超时] 

2018-12-20 15:39:53.601 [Thread-5] INFO  io.github.biezhi.wechat.api.WechatClient -
				[*] 请使用微信扫描二维码以登录 ... 

2018-12-20 15:40:18.642 [Thread-5] WARN  io.github.biezhi.wechat.api.WechatApi -
				[登陆超时] 

2018-12-20 15:40:19.654 [Thread-5] INFO  io.github.biezhi.wechat.api.WechatClient -
				[*] 请使用微信扫描二维码以登录 ... 

2018-12-20 15:40:36.166 [Thread-5] INFO  io.github.biezhi.wechat.api.WechatClient -
				[*] 请在手机上点击确认以登录 ... 

2018-12-20 15:40:39.575 [Thread-5] INFO  io.github.biezhi.wechat.api.WechatApi -
				[*] 设置cookie [wxuin=2918115528;wxsid=i0H+KoH8BjFMDhuK;wxloadtime=1545291636;mm_lang=zh_CN;webwx_data_ticket=gSct4pZxt3PkXPP2H6X+2JbR;webwxuvid=89837d32294870688bb3f898c16f378874f6c9144f7ab041c7ca7e132e0994b4d45b017a09d3ab50861c00e79231ac69;webwx_auth_ticket=CIsBEKLP8JkHGoABqQGtZ9ri9kibnOZDnR+/JVcqGrLM2zIhTCv+FEfM4dLRpTXht/bv6CUnNlxZ7NECay+hK+xFDbgo548d8fk/ijkpa19JV1Pcc/STKaLw1kynOrJ8TUploFuU0F7uekqCtdEZbEYt5b0xECyy6DAMLk1uGTjfwwNB9tNCeOWkTAQ=;]
2018-12-20 15:40:40.326 [Thread-7] INFO  io.github.biezhi.wechat.api.WechatClient -
				[*] 开启状态通知 ... 
2018-12-20 15:40:40.470 [Thread-7] INFO  io.github.biezhi.wechat.api.WechatClient -
				[*] 获取联系人 ... 
2018-12-20 15:40:48.321 [Thread-7] INFO  io.github.biezhi.wechat.api.WechatClient -
				[*] 应有 [0] 个联系人，读取到联系人 [210] 个

2018-12-20 15:40:48.322 [Thread-7] INFO  io.github.biezhi.wechat.api.WechatClient -
				[*] 共有 [16] 个群 | [210] 个直接联系人 | [31] 个特殊账号 ｜ [163] 个公众号/服务号

2018-12-20 15:41:27.045 [Thread-8] INFO  io.github.biezhi.wechat.api.WechatClient -
				intercept msg : type:51, msg:null
2018-12-20 15:41:34.725 [Thread-8] INFO  io.github.biezhi.wechat.api.WechatClient -
				intercept msg : type:51, msg:null
2018-12-20 15:42:49.324 [Thread-13] INFO  io.github.biezhi.wechat.api.WechatClient -
				[*] 开启状态通知 ... 
